<?xml version="1.0" encoding="UTF-8"?>
<!-- Generated by org.testng.reporters.JUnitReportReporter -->
<testsuite hostname="iMacs-iMac" failures="0" tests="2" name="Academy.HomePage" time="38.892" errors="0" timestamp="29 Dec 2020 23:36:45 GMT">
  <testcase classname="Academy.HomePage" name="basePageNavigation" time="4.031"/>
  <testcase classname="Academy.HomePage" name="basePageNavigation" time="34.861"/>
</testsuite> <!-- Academy.HomePage -->
