<?xml version="1.0" encoding="UTF-8"?>
<!-- Generated by org.testng.reporters.JUnitReportReporter -->
<testsuite hostname="iMacs-iMac" failures="0" tests="1" name="Academy.AppTest" time="0.144" errors="0" timestamp="2020-12-23T21:37:40 CET" skipped="0">
  <testcase classname="Academy.AppTest" name="shouldAnswerWithTrue" time="0.144"/>
  <system-out/>
</testsuite> <!-- Academy.AppTest -->
