<?xml version="1.0" encoding="UTF-8"?>
<!-- Generated by org.testng.reporters.JUnitReportReporter -->
<testsuite hostname="iMacs-iMac" failures="0" tests="1" name="Academy.ValidateNavigationBar" time="27.149" errors="0" timestamp="29 Dec 2020 23:36:45 GMT">
  <testcase classname="Academy.ValidateNavigationBar" name="basePageNavigation" time="27.149"/>
</testsuite> <!-- Academy.ValidateNavigationBar -->
