<?xml version="1.0" encoding="UTF-8"?>
<!-- Generated by org.testng.reporters.JUnitReportReporter -->
<testsuite hostname="iMacs-iMac" failures="0" tests="1" name="Academy.AppTest" time="0.047" errors="0" timestamp="24 Dec 2020 13:38:46 GMT">
  <testcase classname="Academy.AppTest" name="shouldAnswerWithTrue" time="0.047"/>
</testsuite> <!-- Academy.AppTest -->
